<?xml version="1.0" encoding="UTF-8"?>
<!-- Generated by org.testng.reporters.JUnitXMLReporter -->
<testsuite ignored="0" hostname="DESKTOP-K3RN0RU" failures="0" tests="2" name="NegativeTests" time="40.326" errors="0" timestamp="17 Apr 2021 01:30:53 GMT">
  <testcase classname="com.herokuapp.theinternet.NegativeTests" name="incorrectPasswordTest" time="16.499"/>
  <testcase classname="com.herokuapp.theinternet.NegativeTests" name="incorrectUsernameTest" time="23.819"/>
</testsuite> <!-- NegativeTests -->
