<?xml version="1.0" encoding="UTF-8"?>
<!-- Generated by org.testng.reporters.JUnitXMLReporter -->
<testsuite ignored="0" hostname="DESKTOP-K3RN0RU" failures="0" tests="2" name="NegativeTests" time="39.895" errors="0" timestamp="17 Apr 2021 01:32:23 GMT">
  <testcase classname="com.herokuapp.theinternet.NegativeTests" name="incorrectPasswordTest" time="16.409"/>
  <testcase classname="com.herokuapp.theinternet.NegativeTests" name="incorrectUsernameTest" time="23.483"/>
</testsuite> <!-- NegativeTests -->
